<?xml version="1.0" encoding="UTF-8"?>
<!-- Generated by org.testng.reporters.JUnitXMLReporter -->
<testsuite hostname="VAIO-Sandeep" name="TestNG logs sample" tests="3" failures="0" timestamp="20 Jun 2018 18:18:47 GMT" time="31.022" errors="0">
  <testcase name="@AfterMethod tearDown" time="0.0" classname="testpakage.WebTest1">
    <failure type="java.lang.AssertionError" message="Cannot provide the input please stick to the UI constraints.
">
      <![CDATA[java.lang.AssertionError: Cannot provide the input please stick to the UI constraints.

	at testpakage.WebTest1.tearDown(WebTest1.java:897)
... Removed 27 stack frames]]>
    </failure>
  </testcase> <!-- @AfterMethod tearDown -->
  <testcase name="@BeforeMethod driverSetUp" time="0.0" classname="testpakage.WebTest1">
    <skipped/>
  </testcase> <!-- @BeforeMethod driverSetUp -->
  <testcase name="@AfterMethod tearDown" time="0.0" classname="testpakage.WebTest1">
    <skipped/>
  </testcase> <!-- @AfterMethod tearDown -->
  <testcase name="@BeforeMethod driverSetUp" time="0.0" classname="testpakage.WebTest1">
    <skipped/>
  </testcase> <!-- @BeforeMethod driverSetUp -->
  <testcase name="@AfterMethod tearDown" time="0.0" classname="testpakage.WebTest1">
    <skipped/>
  </testcase> <!-- @AfterMethod tearDown -->
  <testcase name="addAddressBook" time="21.842" classname="testpakage.WebTest1"/>
  <testcase name="updateAddressBook" time="0.003" classname="testpakage.WebTest1">
    <skipped/>
  </testcase> <!-- updateAddressBook -->
  <testcase name="deleteAddressBook" time="0.004" classname="testpakage.WebTest1">
    <skipped/>
  </testcase> <!-- deleteAddressBook -->
</testsuite> <!-- TestNG logs sample -->
