<?xml version="1.0" encoding="UTF-8"?>
<!-- Generated by org.testng.reporters.JUnitXMLReporter -->
<testsuite hostname="asdaas-wv-10196" ignored="0" name="Testing Parameterization" tests="3" failures="0" timestamp="04 Jun 2018 06:29:25 GMT" time="4.337" errors="0">
  <testcase name="@BeforeTest setUp" time="4.302" classname="testpakage.WebTestCustomer">
    <failure type="java.lang.NullPointerException">
      <![CDATA[java.lang.NullPointerException
at testpakage.WebTestCustomer.setUp(WebTestCustomer.java:35)
... Removed 24 stack frames]]>
    </failure>
  </testcase> <!-- @BeforeTest setUp -->
  <testcase name="@AfterClass tearDown" time="0.0" classname="basesetup.TestBaseSetup">
    <skipped/>
  </testcase> <!-- @AfterClass tearDown -->
  <testcase name="verifyTextForAir" time="0.0" classname="testpakage.WebTestCustomer">
    <skipped/>
  </testcase> <!-- verifyTextForAir -->
  <testcase name="verifyTextForRoad" time="0.0" classname="testpakage.WebTestCustomer">
    <skipped/>
  </testcase> <!-- verifyTextForRoad -->
  <testcase name="verifyTextForShip" time="0.0" classname="testpakage.WebTestCustomer">
    <skipped/>
  </testcase> <!-- verifyTextForShip -->
</testsuite> <!-- Testing Parameterization -->
